Arguments: 
  C:\Program Files\nodejs\node.exe C:\Program Files (x86)\Yarn\bin\yarn.js install

PATH: 
  C:\Program Files\Git\mingw64\bin;C:\Program Files\Git\usr\bin;C:\Users\emmanuel\bin;C:\ProgramData\Oracle\Java\javapath;C:\Python35\Lib\site-packages\PyQt5;C:\Program Files (x86)\Common Files\Intel\Shared Files\cpp\bin\Intel64;C:\WINDOWS\system32;C:\WINDOWS;C:\WINDOWS\System32\Wbem;C:\WINDOWS\System32\WindowsPowerShell\v1.0;C:\Program Files\Microsoft SQL Server\120\Tools\Binn;C:\Program Files\Microsoft SQL Server\Client SDK\ODBC\110\Tools\Binn;C:\Program Files (x86)\Microsoft SQL Server\120\Tools\Binn;C:\Program Files\Microsoft SQL Server\120\DTS\Binn;C:\Program Files (x86)\Microsoft SQL Server\120\Tools\Binn\ManagementStudio;C:\Program Files (x86)\Microsoft SQL Server\120\DTS\Binn;C:\Program Files\dotnet;C:\Program Files\nodejs;C:\Program Files\Git\cmd;C:\WINDOWS\System32\OpenSSH;flutter\bin;C:\Program Files (x86)\Yarn\bin;C:\Users\emmanuel\AppData\Local\Programs\Python\Python38\Scripts;C:\Users\emmanuel\AppData\Local\Programs\Python\Python38;C:\Program Files (x86)\Microsoft VS Code\bin;C:\Users\emmanuel\AppData\Roaming\npm;C:\Users\emmanuel\AppData\Local\GitHubDesktop\bin;C:\Users\emmanuel\AppData\Local\Microsoft\WindowsApps;C:\Users\emmanuel\AppData\Local\Programs\Microsoft VS Code\bin;C:\Program Files\JetBrains\PyCharm Community Edition 2019.2.5\bin;C:\src\flutter\bin;C:\Users\emmanuel\AppData\Local\Yarn\bin

Yarn version: 
  1.22.4

Node version: 
  12.11.0

Platform: 
  win32 x64

Trace: 
  Error: getaddrinfo EAI_AGAIN registry.yarnpkg.com
      at GetAddrInfoReqWrap.onlookup [as oncomplete] (dns.js:60:26)

npm manifest: 
  {
    "name": "with-cookie-auth",
    "scripts": {
      "dev": "next",
      "build": "next build",
      "start": "next start"
    },
    "dependencies": {
      "isomorphic-unfetch": "latest",
      "js-cookie": "latest",
      "next": "latest",
      "next-cookies": "latest",
      "react": "latest",
      "react-dom": "latest"
    }
  }

yarn manifest: 
  No manifest

Lockfile: 
  No lockfile
